

Processing ApplicationController#index (for 127.0.0.1 at 2010-07-29 19:31:45) [GET]

ActionController::RoutingError (No route matches "/" with {:method=>:get}):
  <internal:prelude>:8:in `synchronize'
  C:/tools/Ruby/lib/ruby/1.9.1/webrick/httpserver.rb:111:in `service'
  C:/tools/Ruby/lib/ruby/1.9.1/webrick/httpserver.rb:70:in `run'
  C:/tools/Ruby/lib/ruby/1.9.1/webrick/server.rb:183:in `block in start_thread'

Rendering rescues/layout (not_found)


Processing ApplicationController#index (for 127.0.0.1 at 2010-07-29 19:42:39) [GET]

ActionController::RoutingError (No route matches "/html/computer_business.css" with {:method=>:get}):
  <internal:prelude>:8:in `synchronize'
  C:/tools/Ruby/lib/ruby/1.9.1/webrick/httpserver.rb:111:in `service'
  C:/tools/Ruby/lib/ruby/1.9.1/webrick/httpserver.rb:70:in `run'
  C:/tools/Ruby/lib/ruby/1.9.1/webrick/server.rb:183:in `block in start_thread'

Rendering rescues/layout (not_found)


Processing ApplicationController#index (for 127.0.0.1 at 2010-07-29 19:43:15) [GET]

ActionController::RoutingError (No route matches "/html/html/services.html" with {:method=>:get}):
  <internal:prelude>:8:in `synchronize'
  C:/tools/Ruby/lib/ruby/1.9.1/webrick/httpserver.rb:111:in `service'
  C:/tools/Ruby/lib/ruby/1.9.1/webrick/httpserver.rb:70:in `run'
  C:/tools/Ruby/lib/ruby/1.9.1/webrick/server.rb:183:in `block in start_thread'

Rendering rescues/layout (not_found)


Processing ApplicationController#index (for 127.0.0.1 at 2010-07-29 19:43:59) [GET]


Processing ApplicationController#index (for 127.0.0.1 at 2010-07-29 19:45:35) [GET]

ActionController::RoutingError (No route matches "/html/about.html" with {:method=>:get}):
  <internal:prelude>:8:in `synchronize'
  C:/tools/Ruby/lib/ruby/1.9.1/webrick/httpserver.rb:111:in `service'
  C:/tools/Ruby/lib/ruby/1.9.1/webrick/httpserver.rb:70:in `run'
  C:/tools/Ruby/lib/ruby/1.9.1/webrick/server.rb:183:in `block in start_thread'

Rendering rescues/layout (not_found)


Processing ApplicationController#index (for 127.0.0.1 at 2010-07-29 19:55:34) [GET]

ActionController::RoutingError (No route matches "/" with {:method=>:get}):
  <internal:prelude>:8:in `synchronize'
  C:/tools/Ruby/lib/ruby/1.9.1/webrick/httpserver.rb:111:in `service'
  C:/tools/Ruby/lib/ruby/1.9.1/webrick/httpserver.rb:70:in `run'
  C:/tools/Ruby/lib/ruby/1.9.1/webrick/server.rb:183:in `block in start_thread'

Rendering rescues/layout (not_found)


Processing ApplicationController#index (for 127.0.0.1 at 2010-07-29 19:56:33) [GET]

ActionController::RoutingError (No route matches "/" with {:method=>:get}):
  <internal:prelude>:8:in `synchronize'
  C:/tools/Ruby/lib/ruby/1.9.1/webrick/httpserver.rb:111:in `service'
  C:/tools/Ruby/lib/ruby/1.9.1/webrick/httpserver.rb:70:in `run'
  C:/tools/Ruby/lib/ruby/1.9.1/webrick/server.rb:183:in `block in start_thread'

Rendering rescues/layout (not_found)


Processing ApplicationController#index (for 127.0.0.1 at 2010-07-29 20:00:19) [GET]

ActionController::RoutingError (No route matches "/index.rhtml" with {:method=>:get}):
  <internal:prelude>:8:in `synchronize'
  C:/tools/Ruby/lib/ruby/1.9.1/webrick/httpserver.rb:111:in `service'
  C:/tools/Ruby/lib/ruby/1.9.1/webrick/httpserver.rb:70:in `run'
  C:/tools/Ruby/lib/ruby/1.9.1/webrick/server.rb:183:in `block in start_thread'

Rendering rescues/layout (not_found)


Processing ApplicationController#index (for 127.0.0.1 at 2010-07-29 20:00:20) [GET]

ActionController::RoutingError (No route matches "/index.rhtml" with {:method=>:get}):
  <internal:prelude>:8:in `synchronize'
  C:/tools/Ruby/lib/ruby/1.9.1/webrick/httpserver.rb:111:in `service'
  C:/tools/Ruby/lib/ruby/1.9.1/webrick/httpserver.rb:70:in `run'
  C:/tools/Ruby/lib/ruby/1.9.1/webrick/server.rb:183:in `block in start_thread'

Rendering rescues/layout (not_found)


Processing ApplicationController#index (for 127.0.0.1 at 2010-07-29 20:00:21) [GET]

ActionController::RoutingError (No route matches "/index.rhtml" with {:method=>:get}):
  <internal:prelude>:8:in `synchronize'
  C:/tools/Ruby/lib/ruby/1.9.1/webrick/httpserver.rb:111:in `service'
  C:/tools/Ruby/lib/ruby/1.9.1/webrick/httpserver.rb:70:in `run'
  C:/tools/Ruby/lib/ruby/1.9.1/webrick/server.rb:183:in `block in start_thread'

Rendering rescues/layout (not_found)


Processing ApplicationController#index (for 127.0.0.1 at 2010-07-29 20:00:21) [GET]

ActionController::RoutingError (No route matches "/index.rhtml" with {:method=>:get}):
  <internal:prelude>:8:in `synchronize'
  C:/tools/Ruby/lib/ruby/1.9.1/webrick/httpserver.rb:111:in `service'
  C:/tools/Ruby/lib/ruby/1.9.1/webrick/httpserver.rb:70:in `run'
  C:/tools/Ruby/lib/ruby/1.9.1/webrick/server.rb:183:in `block in start_thread'

Rendering rescues/layout (not_found)


Processing ApplicationController#index (for 127.0.0.1 at 2010-07-29 20:00:21) [GET]

ActionController::RoutingError (No route matches "/index.rhtml" with {:method=>:get}):
  <internal:prelude>:8:in `synchronize'
  C:/tools/Ruby/lib/ruby/1.9.1/webrick/httpserver.rb:111:in `service'
  C:/tools/Ruby/lib/ruby/1.9.1/webrick/httpserver.rb:70:in `run'
  C:/tools/Ruby/lib/ruby/1.9.1/webrick/server.rb:183:in `block in start_thread'

Rendering rescues/layout (not_found)


Processing ApplicationController#index (for 127.0.0.1 at 2010-07-29 20:00:21) [GET]

ActionController::RoutingError (No route matches "/index.rhtml" with {:method=>:get}):
  <internal:prelude>:8:in `synchronize'
  C:/tools/Ruby/lib/ruby/1.9.1/webrick/httpserver.rb:111:in `service'
  C:/tools/Ruby/lib/ruby/1.9.1/webrick/httpserver.rb:70:in `run'
  C:/tools/Ruby/lib/ruby/1.9.1/webrick/server.rb:183:in `block in start_thread'

Rendering rescues/layout (not_found)


Processing ApplicationController#index (for 127.0.0.1 at 2010-07-29 20:00:21) [GET]

ActionController::RoutingError (No route matches "/index.rhtml" with {:method=>:get}):
  <internal:prelude>:8:in `synchronize'
  C:/tools/Ruby/lib/ruby/1.9.1/webrick/httpserver.rb:111:in `service'
  C:/tools/Ruby/lib/ruby/1.9.1/webrick/httpserver.rb:70:in `run'
  C:/tools/Ruby/lib/ruby/1.9.1/webrick/server.rb:183:in `block in start_thread'

Rendering rescues/layout (not_found)


Processing ApplicationController#index (for 127.0.0.1 at 2010-07-29 20:00:21) [GET]

ActionController::RoutingError (No route matches "/index.rhtml" with {:method=>:get}):
  <internal:prelude>:8:in `synchronize'
  C:/tools/Ruby/lib/ruby/1.9.1/webrick/httpserver.rb:111:in `service'
  C:/tools/Ruby/lib/ruby/1.9.1/webrick/httpserver.rb:70:in `run'
  C:/tools/Ruby/lib/ruby/1.9.1/webrick/server.rb:183:in `block in start_thread'

Rendering rescues/layout (not_found)


Processing ApplicationController#index (for 127.0.0.1 at 2010-07-29 20:00:22) [GET]

ActionController::RoutingError (No route matches "/index.rhtml" with {:method=>:get}):
  <internal:prelude>:8:in `synchronize'
  C:/tools/Ruby/lib/ruby/1.9.1/webrick/httpserver.rb:111:in `service'
  C:/tools/Ruby/lib/ruby/1.9.1/webrick/httpserver.rb:70:in `run'
  C:/tools/Ruby/lib/ruby/1.9.1/webrick/server.rb:183:in `block in start_thread'

Rendering rescues/layout (not_found)


Processing ApplicationController#index (for 127.0.0.1 at 2010-07-29 20:00:22) [GET]

ActionController::RoutingError (No route matches "/index.rhtml" with {:method=>:get}):
  <internal:prelude>:8:in `synchronize'
  C:/tools/Ruby/lib/ruby/1.9.1/webrick/httpserver.rb:111:in `service'
  C:/tools/Ruby/lib/ruby/1.9.1/webrick/httpserver.rb:70:in `run'
  C:/tools/Ruby/lib/ruby/1.9.1/webrick/server.rb:183:in `block in start_thread'

Rendering rescues/layout (not_found)


Processing ApplicationController#index (for 127.0.0.1 at 2010-07-29 20:00:22) [GET]

ActionController::RoutingError (No route matches "/index.rhtml" with {:method=>:get}):
  <internal:prelude>:8:in `synchronize'
  C:/tools/Ruby/lib/ruby/1.9.1/webrick/httpserver.rb:111:in `service'
  C:/tools/Ruby/lib/ruby/1.9.1/webrick/httpserver.rb:70:in `run'
  C:/tools/Ruby/lib/ruby/1.9.1/webrick/server.rb:183:in `block in start_thread'

Rendering rescues/layout (not_found)


Processing ApplicationController#index (for 127.0.0.1 at 2010-07-29 20:00:22) [GET]

ActionController::RoutingError (No route matches "/index.rhtml" with {:method=>:get}):
  <internal:prelude>:8:in `synchronize'
  C:/tools/Ruby/lib/ruby/1.9.1/webrick/httpserver.rb:111:in `service'
  C:/tools/Ruby/lib/ruby/1.9.1/webrick/httpserver.rb:70:in `run'
  C:/tools/Ruby/lib/ruby/1.9.1/webrick/server.rb:183:in `block in start_thread'

Rendering rescues/layout (not_found)


Processing ApplicationController#index (for 127.0.0.1 at 2010-07-29 20:00:22) [GET]

ActionController::RoutingError (No route matches "/index.rhtml" with {:method=>:get}):
  <internal:prelude>:8:in `synchronize'
  C:/tools/Ruby/lib/ruby/1.9.1/webrick/httpserver.rb:111:in `service'
  C:/tools/Ruby/lib/ruby/1.9.1/webrick/httpserver.rb:70:in `run'
  C:/tools/Ruby/lib/ruby/1.9.1/webrick/server.rb:183:in `block in start_thread'

Rendering rescues/layout (not_found)


Processing ApplicationController#index (for 127.0.0.1 at 2010-07-29 20:00:23) [GET]

ActionController::RoutingError (No route matches "/index.rhtml" with {:method=>:get}):
  <internal:prelude>:8:in `synchronize'
  C:/tools/Ruby/lib/ruby/1.9.1/webrick/httpserver.rb:111:in `service'
  C:/tools/Ruby/lib/ruby/1.9.1/webrick/httpserver.rb:70:in `run'
  C:/tools/Ruby/lib/ruby/1.9.1/webrick/server.rb:183:in `block in start_thread'

Rendering rescues/layout (not_found)


Processing ApplicationController#index (for 127.0.0.1 at 2010-07-29 20:00:23) [GET]

ActionController::RoutingError (No route matches "/index.rhtml" with {:method=>:get}):
  <internal:prelude>:8:in `synchronize'
  C:/tools/Ruby/lib/ruby/1.9.1/webrick/httpserver.rb:111:in `service'
  C:/tools/Ruby/lib/ruby/1.9.1/webrick/httpserver.rb:70:in `run'
  C:/tools/Ruby/lib/ruby/1.9.1/webrick/server.rb:183:in `block in start_thread'

Rendering rescues/layout (not_found)


Processing ApplicationController#index (for 127.0.0.1 at 2010-07-29 20:00:23) [GET]

ActionController::RoutingError (No route matches "/index.rhtml" with {:method=>:get}):
  <internal:prelude>:8:in `synchronize'
  C:/tools/Ruby/lib/ruby/1.9.1/webrick/httpserver.rb:111:in `service'
  C:/tools/Ruby/lib/ruby/1.9.1/webrick/httpserver.rb:70:in `run'
  C:/tools/Ruby/lib/ruby/1.9.1/webrick/server.rb:183:in `block in start_thread'

Rendering rescues/layout (not_found)


Processing ApplicationController#index (for 127.0.0.1 at 2010-07-29 20:00:23) [GET]

ActionController::RoutingError (No route matches "/index.rhtml" with {:method=>:get}):
  <internal:prelude>:8:in `synchronize'
  C:/tools/Ruby/lib/ruby/1.9.1/webrick/httpserver.rb:111:in `service'
  C:/tools/Ruby/lib/ruby/1.9.1/webrick/httpserver.rb:70:in `run'
  C:/tools/Ruby/lib/ruby/1.9.1/webrick/server.rb:183:in `block in start_thread'

Rendering rescues/layout (not_found)


Processing ApplicationController#index (for 127.0.0.1 at 2010-07-29 20:00:23) [GET]

ActionController::RoutingError (No route matches "/index.rhtml" with {:method=>:get}):
  <internal:prelude>:8:in `synchronize'
  C:/tools/Ruby/lib/ruby/1.9.1/webrick/httpserver.rb:111:in `service'
  C:/tools/Ruby/lib/ruby/1.9.1/webrick/httpserver.rb:70:in `run'
  C:/tools/Ruby/lib/ruby/1.9.1/webrick/server.rb:183:in `block in start_thread'

Rendering rescues/layout (not_found)


Processing ApplicationController#index (for 127.0.0.1 at 2010-07-29 20:00:23) [GET]

ActionController::RoutingError (No route matches "/index.rhtml" with {:method=>:get}):
  <internal:prelude>:8:in `synchronize'
  C:/tools/Ruby/lib/ruby/1.9.1/webrick/httpserver.rb:111:in `service'
  C:/tools/Ruby/lib/ruby/1.9.1/webrick/httpserver.rb:70:in `run'
  C:/tools/Ruby/lib/ruby/1.9.1/webrick/server.rb:183:in `block in start_thread'

Rendering rescues/layout (not_found)


Processing ApplicationController#index (for 127.0.0.1 at 2010-07-29 20:00:24) [GET]

ActionController::RoutingError (No route matches "/index.rhtml" with {:method=>:get}):
  <internal:prelude>:8:in `synchronize'
  C:/tools/Ruby/lib/ruby/1.9.1/webrick/httpserver.rb:111:in `service'
  C:/tools/Ruby/lib/ruby/1.9.1/webrick/httpserver.rb:70:in `run'
  C:/tools/Ruby/lib/ruby/1.9.1/webrick/server.rb:183:in `block in start_thread'

Rendering rescues/layout (not_found)


Processing ApplicationController#index (for 127.0.0.1 at 2010-07-29 20:04:53) [GET]

ActionController::RoutingError (No route matches "/" with {:method=>:get}):
  <internal:prelude>:8:in `synchronize'
  C:/tools/Ruby/lib/ruby/1.9.1/webrick/httpserver.rb:111:in `service'
  C:/tools/Ruby/lib/ruby/1.9.1/webrick/httpserver.rb:70:in `run'
  C:/tools/Ruby/lib/ruby/1.9.1/webrick/server.rb:183:in `block in start_thread'

Rendering rescues/layout (not_found)


Processing ApplicationController#index (for 127.0.0.1 at 2010-07-29 20:18:08) [GET]

ActionController::RoutingError (No route matches "/about.html" with {:method=>:get}):
  <internal:prelude>:8:in `synchronize'
  C:/tools/Ruby/lib/ruby/1.9.1/webrick/httpserver.rb:111:in `service'
  C:/tools/Ruby/lib/ruby/1.9.1/webrick/httpserver.rb:70:in `run'
  C:/tools/Ruby/lib/ruby/1.9.1/webrick/server.rb:183:in `block in start_thread'

Rendering rescues/layout (not_found)


Processing ApplicationController#index (for 127.0.0.1 at 2010-07-29 20:18:33) [GET]

ActionController::RoutingError (No route matches "/html/pricing.html" with {:method=>:get}):
  <internal:prelude>:8:in `synchronize'
  C:/tools/Ruby/lib/ruby/1.9.1/webrick/httpserver.rb:111:in `service'
  C:/tools/Ruby/lib/ruby/1.9.1/webrick/httpserver.rb:70:in `run'
  C:/tools/Ruby/lib/ruby/1.9.1/webrick/server.rb:183:in `block in start_thread'

Rendering rescues/layout (not_found)
